<!DOCTYPE html>

<html>
  <head>
  <title>TestNG reports</title>

    <link type="text/css" href="testng-reports.css" rel="stylesheet" />  
    <script type="text/javascript" src="jquery-1.7.1.min.js"></script>
    <script type="text/javascript" src="testng-reports.js"></script>
    <script type="text/javascript" src="https://www.google.com/jsapi"></script>
    <script type='text/javascript'>
      google.load('visualization', '1', {packages:['table']});
      google.setOnLoadCallback(drawTable);
      var suiteTableInitFunctions = new Array();
      var suiteTableData = new Array();
    </script>
    <!--
      <script type="text/javascript" src="jquery-ui/js/jquery-ui-1.8.16.custom.min.js"></script>
     -->
  </head>

  <body>
    <div class="top-banner-root">
      <span class="top-banner-title-font">Test results</span>
      <br/>
      <span class="top-banner-font-1">1 suite, 3 failed tests</span>
    </div> <!-- top-banner-root -->
    <div class="navigator-root">
      <div class="navigator-suite-header">
        <span>All suites</span>
        <a href="#" class="collapse-all-link" title="Collapse/expand all the suites">
          <img class="collapse-all-icon" src="collapseall.gif">
          </img> <!-- collapse-all-icon -->
        </a> <!-- collapse-all-link -->
      </div> <!-- navigator-suite-header -->
      <div class="suite">
        <div class="rounded-window">
          <div class="suite-header light-rounded-window-top">
            <a href="#" class="navigator-link" panel-name="suite-Powerhouse-energyconsumption">
              <span class="suite-name border-failed">Powerhouse-energyconsumption</span>
            </a> <!-- navigator-link -->
          </div> <!-- suite-header light-rounded-window-top -->
          <div class="navigator-suite-content">
            <div class="suite-section-title">
              <span>Info</span>
            </div> <!-- suite-section-title -->
            <div class="suite-section-content">
              <ul>
                <li>
                  <a href="#" class="navigator-link " panel-name="test-xml-Powerhouse-energyconsumption">
                    <span>C:\Users\Marko\Desktop\powerhouse-energyconsumption-automation\testNg.xml</span>
                  </a> <!-- navigator-link  -->
                </li>
                <li>
                  <a href="#" class="navigator-link " panel-name="testlist-Powerhouse-energyconsumption">
                    <span class="test-stats">2 tests</span>
                  </a> <!-- navigator-link  -->
                </li>
                <li>
                  <a href="#" class="navigator-link " panel-name="group-Powerhouse-energyconsumption">
                    <span>0 groups</span>
                  </a> <!-- navigator-link  -->
                </li>
                <li>
                  <a href="#" class="navigator-link " panel-name="times-Powerhouse-energyconsumption">
                    <span>Times</span>
                  </a> <!-- navigator-link  -->
                </li>
                <li>
                  <a href="#" class="navigator-link " panel-name="reporter-Powerhouse-energyconsumption">
                    <span>Reporter output</span>
                  </a> <!-- navigator-link  -->
                </li>
                <li>
                  <a href="#" class="navigator-link " panel-name="ignored-methods-Powerhouse-energyconsumption">
                    <span>Ignored methods</span>
                  </a> <!-- navigator-link  -->
                </li>
                <li>
                  <a href="#" class="navigator-link " panel-name="chronological-Powerhouse-energyconsumption">
                    <span>Chronological view</span>
                  </a> <!-- navigator-link  -->
                </li>
              </ul>
            </div> <!-- suite-section-content -->
            <div class="result-section">
              <div class="suite-section-title">
                <span>Results</span>
              </div> <!-- suite-section-title -->
              <div class="suite-section-content">
                <ul>
                  <li>
                    <span class="method-stats">12 methods, 3 failed,   9 passed</span>
                  </li>
                  <li>
                    <span class="method-list-title failed">Failed methods</span>
                    <span class="show-or-hide-methods failed">
                      <a href="#" panel-name="suite-Powerhouse-energyconsumption" class="hide-methods failed suite-Powerhouse-energyconsumption"> (hide)</a> <!-- hide-methods failed suite-Powerhouse-energyconsumption -->
                      <a href="#" panel-name="suite-Powerhouse-energyconsumption" class="show-methods failed suite-Powerhouse-energyconsumption"> (show)</a> <!-- show-methods failed suite-Powerhouse-energyconsumption -->
                    </span>
                    <div class="method-list-content failed suite-Powerhouse-energyconsumption">
                      <span>
                        <img width="3%" src="failed.png"/>
                        <a href="#" class="method navigator-link" panel-name="suite-Powerhouse-energyconsumption" title="tests.meterreadings.AddMeterReadingsForNonExistingProfileTest" hash-for-method="addFractionsForNonExistingProfile_errorMessageThrown">addFractionsForNonExistingProfile_errorMessageThrown</a> <!-- method navigator-link -->
                      </span>
                      <br/>
                      <span>
                        <img width="3%" src="failed.png"/>
                        <a href="#" class="method navigator-link" panel-name="suite-Powerhouse-energyconsumption" title="tests.meterreadings.IncompleteMeterReadingMonthsTest" hash-for-method="addIncompleteMeterReadingData_validationErrorThrown">addIncompleteMeterReadingData_validationErrorThrown</a> <!-- method navigator-link -->
                      </span>
                      <br/>
                      <span>
                        <img width="3%" src="failed.png"/>
                        <a href="#" class="method navigator-link" panel-name="suite-Powerhouse-energyconsumption" title="tests.meterreadings.AddMeterReadingsForExistingProfileTest" hash-for-method="addMeterReadingsForSpecificProfile_meterReadingsAdded">addMeterReadingsForSpecificProfile_meterReadingsAdded</a> <!-- method navigator-link -->
                      </span>
                      <br/>
                    </div> <!-- method-list-content failed suite-Powerhouse-energyconsumption -->
                  </li>
                  <li>
                    <span class="method-list-title passed">Passed methods</span>
                    <span class="show-or-hide-methods passed">
                      <a href="#" panel-name="suite-Powerhouse-energyconsumption" class="hide-methods passed suite-Powerhouse-energyconsumption"> (hide)</a> <!-- hide-methods passed suite-Powerhouse-energyconsumption -->
                      <a href="#" panel-name="suite-Powerhouse-energyconsumption" class="show-methods passed suite-Powerhouse-energyconsumption"> (show)</a> <!-- show-methods passed suite-Powerhouse-energyconsumption -->
                    </span>
                    <div class="method-list-content passed suite-Powerhouse-energyconsumption">
                      <span>
                        <img width="3%" src="passed.png"/>
                        <a href="#" class="method navigator-link" panel-name="suite-Powerhouse-energyconsumption" title="tests.fractions.IncompleteFractionDataMonthsTest" hash-for-method="addIncompleteDataForMonths_validationErrorThrown">addIncompleteDataForMonths_validationErrorThrown</a> <!-- method navigator-link -->
                      </span>
                      <br/>
                      <span>
                        <img width="3%" src="passed.png"/>
                        <a href="#" class="method navigator-link" panel-name="suite-Powerhouse-energyconsumption" title="tests.fractions.AddValidFractionsTest" hash-for-method="addValidFractionsForProfile_FractionSumIsCorrect">addValidFractionsForProfile_FractionSumIsCorrect</a> <!-- method navigator-link -->
                      </span>
                      <br/>
                      <span>
                        <img width="3%" src="passed.png"/>
                        <a href="#" class="method navigator-link" panel-name="suite-Powerhouse-energyconsumption" title="tests.fractions.AddInvalidFractionsTest" hash-for-method="addValidFractionsForProfile_FractionSumIsCorrect">addValidFractionsForProfile_FractionSumIsCorrect</a> <!-- method navigator-link -->
                      </span>
                      <br/>
                      <span>
                        <img width="3%" src="passed.png"/>
                        <a href="#" class="method navigator-link" panel-name="suite-Powerhouse-energyconsumption" title="tests.fractions.DeleteFractionsTest" hash-for-method="deleteFractionsForSpecificProfile_fractionsDeleted">deleteFractionsForSpecificProfile_fractionsDeleted</a> <!-- method navigator-link -->
                      </span>
                      <br/>
                      <span>
                        <img width="3%" src="passed.png"/>
                        <a href="#" class="method navigator-link" panel-name="suite-Powerhouse-energyconsumption" title="tests.meterreadings.DeleteMeterRaadingsForProfileTest" hash-for-method="deleteMeterReadingsForProfile_meterReadingsDeleted">deleteMeterReadingsForProfile_meterReadingsDeleted</a> <!-- method navigator-link -->
                      </span>
                      <br/>
                      <span>
                        <img width="3%" src="passed.png"/>
                        <a href="#" class="method navigator-link" panel-name="suite-Powerhouse-energyconsumption" title="tests.fractions.GetFractionsForProfileTest" hash-for-method="getFractionsForProfile_allFractionsPresent">getFractionsForProfile_allFractionsPresent</a> <!-- method navigator-link -->
                      </span>
                      <br/>
                      <span>
                        <img width="3%" src="passed.png"/>
                        <a href="#" class="method navigator-link" panel-name="suite-Powerhouse-energyconsumption" title="tests.meterreadings.GetMeterReadingsForProfileTest" hash-for-method="getMeterReadingsForProfile_meterReadingsRetrieved">getMeterReadingsForProfile_meterReadingsRetrieved</a> <!-- method navigator-link -->
                      </span>
                      <br/>
                      <span>
                        <img width="3%" src="passed.png"/>
                        <a href="#" class="method navigator-link" panel-name="suite-Powerhouse-energyconsumption" title="tests.fractions.UpdateFractionsExistingProfileTest" hash-for-method="updateFractionsForExistingProfile_fractionsUpdated">updateFractionsForExistingProfile_fractionsUpdated</a> <!-- method navigator-link -->
                      </span>
                      <br/>
                      <span>
                        <img width="3%" src="passed.png"/>
                        <a href="#" class="method navigator-link" panel-name="suite-Powerhouse-energyconsumption" title="tests.fractions.UpdateFractionsNonExistingProfileTest" hash-for-method="updateFractionsForNonExistingProfile_errorIsThrown">updateFractionsForNonExistingProfile_errorIsThrown</a> <!-- method navigator-link -->
                      </span>
                      <br/>
                    </div> <!-- method-list-content passed suite-Powerhouse-energyconsumption -->
                  </li>
                </ul>
              </div> <!-- suite-section-content -->
            </div> <!-- result-section -->
          </div> <!-- navigator-suite-content -->
        </div> <!-- rounded-window -->
      </div> <!-- suite -->
    </div> <!-- navigator-root -->
    <div class="wrapper">
      <div class="main-panel-root">
        <div panel-name="suite-Powerhouse-energyconsumption" class="panel Powerhouse-energyconsumption">
          <div class="suite-Powerhouse-energyconsumption-class-failed">
            <div class="main-panel-header rounded-window-top">
              <img src="failed.png"/>
              <span class="class-name">tests.meterreadings.AddMeterReadingsForExistingProfileTest</span>
            </div> <!-- main-panel-header rounded-window-top -->
            <div class="main-panel-content rounded-window-bottom">
              <div class="method">
                <div class="method-content">
                  <a name="addMeterReadingsForSpecificProfile_meterReadingsAdded">
                  </a> <!-- addMeterReadingsForSpecificProfile_meterReadingsAdded -->
                  <span class="method-name">addMeterReadingsForSpecificProfile_meterReadingsAdded</span>
                  <div class="stack-trace"><b>"java.lang.AssertionError: [Incorrect validation message] 
Expecting:
 &lt;&quot;Validation error :  Expected consumption for profile A and month JAN is between 289.575-482.62499999999994 but current consumption is 54
&quot;&gt;
to contain:
 &lt;&quot;Success&quot;&gt; 
	at tests.meterreadings.AddMeterReadingsForExistingProfileTest.addMeterReadingsForSpecificProfile_meterReadingsAdded(AddMeterReadingsForExistingProfileTest.java:84)
	at org.apache.maven.surefire.testng.TestNGExecutor.run(TestNGExecutor.java:283)
	at org.apache.maven.surefire.testng.TestNGXmlTestSuite.execute(TestNGXmlTestSuite.java:75)
	at org.apache.maven.surefire.testng.TestNGProvider.invoke(TestNGProvider.java:120)
	at org.apache.maven.surefire.booter.ForkedBooter.invokeProviderInSameClassLoader(ForkedBooter.java:386)
	at org.apache.maven.surefire.booter.ForkedBooter.runSuitesInProcess(ForkedBooter.java:323)
	at org.apache.maven.surefire.booter.ForkedBooter.main(ForkedBooter.java:143)
... Removed 21 stack frames<br/> java.lang.AssertionError: [Incorrect validation message] 
Expecting:
 &lt;&quot;Validation error :  Expected consumption for profile A and month JAN is between 289.575-482.62499999999994 but current consumption is 54
&quot;&gt;
to contain:
 &lt;&quot;Success&quot;&gt; 
	at tests.meterreadings.AddMeterReadingsForExistingProfileTest.addMeterReadingsForSpecificProfile_meterReadingsAdded(AddMeterReadingsForExistingProfileTest.java:84)
	at sun.reflect.NativeMethodAccessorImpl.invoke0(Native Method)
	at sun.reflect.NativeMethodAccessorImpl.invoke(NativeMethodAccessorImpl.java:62)
	at sun.reflect.DelegatingMethodAccessorImpl.invoke(DelegatingMethodAccessorImpl.java:43)
	at java.lang.reflect.Method.invoke(Method.java:498)
	at org.testng.internal.MethodInvocationHelper.invokeMethod(MethodInvocationHelper.java:80)
	at org.testng.internal.Invoker.invokeMethod(Invoker.java:714)
	at org.testng.internal.Invoker.invokeTestMethod(Invoker.java:901)
	at org.testng.internal.Invoker.invokeTestMethods(Invoker.java:1231)
	at org.testng.internal.TestMethodWorker.invokeTestMethods(TestMethodWorker.java:127)
	at org.testng.internal.TestMethodWorker.run(TestMethodWorker.java:111)
	at org.testng.TestRunner.privateRun(TestRunner.java:767)
	at org.testng.TestRunner.run(TestRunner.java:617)
	at org.testng.SuiteRunner.runTest(SuiteRunner.java:334)
	at org.testng.SuiteRunner.runSequentially(SuiteRunner.java:329)
	at org.testng.SuiteRunner.privateRun(SuiteRunner.java:291)
	at org.testng.SuiteRunner.run(SuiteRunner.java:240)
	at org.testng.SuiteRunnerWorker.runSuite(SuiteRunnerWorker.java:52)
	at org.testng.SuiteRunnerWorker.run(SuiteRunnerWorker.java:86)
	at org.testng.TestNG.runSuitesSequentially(TestNG.java:1198)
	at org.testng.TestNG.runSuitesLocally(TestNG.java:1123)
	at org.testng.TestNG.run(TestNG.java:1031)
	at org.apache.maven.surefire.testng.TestNGExecutor.run(TestNGExecutor.java:283)
	at org.apache.maven.surefire.testng.TestNGXmlTestSuite.execute(TestNGXmlTestSuite.java:75)
	at org.apache.maven.surefire.testng.TestNGProvider.invoke(TestNGProvider.java:120)
	at org.apache.maven.surefire.booter.ForkedBooter.invokeProviderInSameClassLoader(ForkedBooter.java:386)
	at org.apache.maven.surefire.booter.ForkedBooter.runSuitesInProcess(ForkedBooter.java:323)
	at org.apache.maven.surefire.booter.ForkedBooter.main(ForkedBooter.java:143)
"</b><br>tests.meterreadings.AddMeterReadingsForExistingProfileTest.addMeterReadingsForSpecificProfile_meterReadingsAdded(AddMeterReadingsForExistingProfileTest.java:84)<br>sun.reflect.NativeMethodAccessorImpl.invoke0(Native Method)<br>sun.reflect.NativeMethodAccessorImpl.invoke(NativeMethodAccessorImpl.java:62)<br>sun.reflect.DelegatingMethodAccessorImpl.invoke(DelegatingMethodAccessorImpl.java:43)<br>java.lang.reflect.Method.invoke(Method.java:498)<br>org.testng.internal.MethodInvocationHelper.invokeMethod(MethodInvocationHelper.java:80)<br>org.testng.internal.Invoker.invokeMethod(Invoker.java:714)<br>org.testng.internal.Invoker.invokeTestMethod(Invoker.java:901)<br>org.testng.internal.Invoker.invokeTestMethods(Invoker.java:1231)<br>org.testng.internal.TestMethodWorker.invokeTestMethods(TestMethodWorker.java:127)<br>org.testng.internal.TestMethodWorker.run(TestMethodWorker.java:111)<br>org.testng.TestRunner.privateRun(TestRunner.java:767)<br>org.testng.TestRunner.run(TestRunner.java:617)<br>org.testng.SuiteRunner.runTest(SuiteRunner.java:334)<br>org.testng.SuiteRunner.runSequentially(SuiteRunner.java:329)<br>org.testng.SuiteRunner.privateRun(SuiteRunner.java:291)<br>org.testng.SuiteRunner.run(SuiteRunner.java:240)<br>org.testng.SuiteRunnerWorker.runSuite(SuiteRunnerWorker.java:52)<br>org.testng.SuiteRunnerWorker.run(SuiteRunnerWorker.java:86)<br>org.testng.TestNG.runSuitesSequentially(TestNG.java:1198)<br>org.testng.TestNG.runSuitesLocally(TestNG.java:1123)<br>org.testng.TestNG.run(TestNG.java:1031)<br>org.apache.maven.surefire.testng.TestNGExecutor.run(TestNGExecutor.java:283)<br>org.apache.maven.surefire.testng.TestNGXmlTestSuite.execute(TestNGXmlTestSuite.java:75)<br>org.apache.maven.surefire.testng.TestNGProvider.invoke(TestNGProvider.java:120)<br>org.apache.maven.surefire.booter.ForkedBooter.invokeProviderInSameClassLoader(ForkedBooter.java:386)<br>org.apache.maven.surefire.booter.ForkedBooter.runSuitesInProcess(ForkedBooter.java:323)<br>org.apache.maven.surefire.booter.ForkedBooter.main(ForkedBooter.java:143)<br>
</div> <!-- stack-trace -->
                </div> <!-- method-content -->
              </div> <!-- method -->
            </div> <!-- main-panel-content rounded-window-bottom -->
          </div> <!-- suite-Powerhouse-energyconsumption-class-failed -->
          <div class="suite-Powerhouse-energyconsumption-class-failed">
            <div class="main-panel-header rounded-window-top">
              <img src="failed.png"/>
              <span class="class-name">tests.meterreadings.AddMeterReadingsForNonExistingProfileTest</span>
            </div> <!-- main-panel-header rounded-window-top -->
            <div class="main-panel-content rounded-window-bottom">
              <div class="method">
                <div class="method-content">
                  <a name="addFractionsForNonExistingProfile_errorMessageThrown">
                  </a> <!-- addFractionsForNonExistingProfile_errorMessageThrown -->
                  <span class="method-name">addFractionsForNonExistingProfile_errorMessageThrown</span>
                  <div class="stack-trace"><b>"org.junit.ComparisonFailure: [Status code must be 400] expected:&lt;[4]00&gt; but was:&lt;[2]00&gt;
	at tests.meterreadings.AddMeterReadingsForNonExistingProfileTest.addFractionsForNonExistingProfile_errorMessageThrown(AddMeterReadingsForNonExistingProfileTest.java:67)
	at org.apache.maven.surefire.testng.TestNGExecutor.run(TestNGExecutor.java:283)
	at org.apache.maven.surefire.testng.TestNGXmlTestSuite.execute(TestNGXmlTestSuite.java:75)
	at org.apache.maven.surefire.testng.TestNGProvider.invoke(TestNGProvider.java:120)
	at org.apache.maven.surefire.booter.ForkedBooter.invokeProviderInSameClassLoader(ForkedBooter.java:386)
	at org.apache.maven.surefire.booter.ForkedBooter.runSuitesInProcess(ForkedBooter.java:323)
	at org.apache.maven.surefire.booter.ForkedBooter.main(ForkedBooter.java:143)
... Removed 24 stack frames<br/> org.junit.ComparisonFailure: [Status code must be 400] expected:&lt;[4]00&gt; but was:&lt;[2]00&gt;
	at sun.reflect.NativeConstructorAccessorImpl.newInstance0(Native Method)
	at sun.reflect.NativeConstructorAccessorImpl.newInstance(NativeConstructorAccessorImpl.java:62)
	at sun.reflect.DelegatingConstructorAccessorImpl.newInstance(DelegatingConstructorAccessorImpl.java:45)
	at tests.meterreadings.AddMeterReadingsForNonExistingProfileTest.addFractionsForNonExistingProfile_errorMessageThrown(AddMeterReadingsForNonExistingProfileTest.java:67)
	at sun.reflect.NativeMethodAccessorImpl.invoke0(Native Method)
	at sun.reflect.NativeMethodAccessorImpl.invoke(NativeMethodAccessorImpl.java:62)
	at sun.reflect.DelegatingMethodAccessorImpl.invoke(DelegatingMethodAccessorImpl.java:43)
	at java.lang.reflect.Method.invoke(Method.java:498)
	at org.testng.internal.MethodInvocationHelper.invokeMethod(MethodInvocationHelper.java:80)
	at org.testng.internal.Invoker.invokeMethod(Invoker.java:714)
	at org.testng.internal.Invoker.invokeTestMethod(Invoker.java:901)
	at org.testng.internal.Invoker.invokeTestMethods(Invoker.java:1231)
	at org.testng.internal.TestMethodWorker.invokeTestMethods(TestMethodWorker.java:127)
	at org.testng.internal.TestMethodWorker.run(TestMethodWorker.java:111)
	at org.testng.TestRunner.privateRun(TestRunner.java:767)
	at org.testng.TestRunner.run(TestRunner.java:617)
	at org.testng.SuiteRunner.runTest(SuiteRunner.java:334)
	at org.testng.SuiteRunner.runSequentially(SuiteRunner.java:329)
	at org.testng.SuiteRunner.privateRun(SuiteRunner.java:291)
	at org.testng.SuiteRunner.run(SuiteRunner.java:240)
	at org.testng.SuiteRunnerWorker.runSuite(SuiteRunnerWorker.java:52)
	at org.testng.SuiteRunnerWorker.run(SuiteRunnerWorker.java:86)
	at org.testng.TestNG.runSuitesSequentially(TestNG.java:1198)
	at org.testng.TestNG.runSuitesLocally(TestNG.java:1123)
	at org.testng.TestNG.run(TestNG.java:1031)
	at org.apache.maven.surefire.testng.TestNGExecutor.run(TestNGExecutor.java:283)
	at org.apache.maven.surefire.testng.TestNGXmlTestSuite.execute(TestNGXmlTestSuite.java:75)
	at org.apache.maven.surefire.testng.TestNGProvider.invoke(TestNGProvider.java:120)
	at org.apache.maven.surefire.booter.ForkedBooter.invokeProviderInSameClassLoader(ForkedBooter.java:386)
	at org.apache.maven.surefire.booter.ForkedBooter.runSuitesInProcess(ForkedBooter.java:323)
	at org.apache.maven.surefire.booter.ForkedBooter.main(ForkedBooter.java:143)
"</b><br>sun.reflect.NativeConstructorAccessorImpl.newInstance0(Native Method)<br>sun.reflect.NativeConstructorAccessorImpl.newInstance(NativeConstructorAccessorImpl.java:62)<br>sun.reflect.DelegatingConstructorAccessorImpl.newInstance(DelegatingConstructorAccessorImpl.java:45)<br>tests.meterreadings.AddMeterReadingsForNonExistingProfileTest.addFractionsForNonExistingProfile_errorMessageThrown(AddMeterReadingsForNonExistingProfileTest.java:67)<br>sun.reflect.NativeMethodAccessorImpl.invoke0(Native Method)<br>sun.reflect.NativeMethodAccessorImpl.invoke(NativeMethodAccessorImpl.java:62)<br>sun.reflect.DelegatingMethodAccessorImpl.invoke(DelegatingMethodAccessorImpl.java:43)<br>java.lang.reflect.Method.invoke(Method.java:498)<br>org.testng.internal.MethodInvocationHelper.invokeMethod(MethodInvocationHelper.java:80)<br>org.testng.internal.Invoker.invokeMethod(Invoker.java:714)<br>org.testng.internal.Invoker.invokeTestMethod(Invoker.java:901)<br>org.testng.internal.Invoker.invokeTestMethods(Invoker.java:1231)<br>org.testng.internal.TestMethodWorker.invokeTestMethods(TestMethodWorker.java:127)<br>org.testng.internal.TestMethodWorker.run(TestMethodWorker.java:111)<br>org.testng.TestRunner.privateRun(TestRunner.java:767)<br>org.testng.TestRunner.run(TestRunner.java:617)<br>org.testng.SuiteRunner.runTest(SuiteRunner.java:334)<br>org.testng.SuiteRunner.runSequentially(SuiteRunner.java:329)<br>org.testng.SuiteRunner.privateRun(SuiteRunner.java:291)<br>org.testng.SuiteRunner.run(SuiteRunner.java:240)<br>org.testng.SuiteRunnerWorker.runSuite(SuiteRunnerWorker.java:52)<br>org.testng.SuiteRunnerWorker.run(SuiteRunnerWorker.java:86)<br>org.testng.TestNG.runSuitesSequentially(TestNG.java:1198)<br>org.testng.TestNG.runSuitesLocally(TestNG.java:1123)<br>org.testng.TestNG.run(TestNG.java:1031)<br>org.apache.maven.surefire.testng.TestNGExecutor.run(TestNGExecutor.java:283)<br>org.apache.maven.surefire.testng.TestNGXmlTestSuite.execute(TestNGXmlTestSuite.java:75)<br>org.apache.maven.surefire.testng.TestNGProvider.invoke(TestNGProvider.java:120)<br>org.apache.maven.surefire.booter.ForkedBooter.invokeProviderInSameClassLoader(ForkedBooter.java:386)<br>org.apache.maven.surefire.booter.ForkedBooter.runSuitesInProcess(ForkedBooter.java:323)<br>org.apache.maven.surefire.booter.ForkedBooter.main(ForkedBooter.java:143)<br>
</div> <!-- stack-trace -->
                </div> <!-- method-content -->
              </div> <!-- method -->
            </div> <!-- main-panel-content rounded-window-bottom -->
          </div> <!-- suite-Powerhouse-energyconsumption-class-failed -->
          <div class="suite-Powerhouse-energyconsumption-class-failed">
            <div class="main-panel-header rounded-window-top">
              <img src="failed.png"/>
              <span class="class-name">tests.meterreadings.IncompleteMeterReadingMonthsTest</span>
            </div> <!-- main-panel-header rounded-window-top -->
            <div class="main-panel-content rounded-window-bottom">
              <div class="method">
                <div class="method-content">
                  <a name="addIncompleteMeterReadingData_validationErrorThrown">
                  </a> <!-- addIncompleteMeterReadingData_validationErrorThrown -->
                  <span class="method-name">addIncompleteMeterReadingData_validationErrorThrown</span>
                  <div class="stack-trace"><b>"org.junit.ComparisonFailure: [Status code must be 400] expected:&lt;[4]00&gt; but was:&lt;[2]00&gt;
	at tests.meterreadings.IncompleteMeterReadingMonthsTest.addIncompleteMeterReadingData_validationErrorThrown(IncompleteMeterReadingMonthsTest.java:78)
	at org.apache.maven.surefire.testng.TestNGExecutor.run(TestNGExecutor.java:283)
	at org.apache.maven.surefire.testng.TestNGXmlTestSuite.execute(TestNGXmlTestSuite.java:75)
	at org.apache.maven.surefire.testng.TestNGProvider.invoke(TestNGProvider.java:120)
	at org.apache.maven.surefire.booter.ForkedBooter.invokeProviderInSameClassLoader(ForkedBooter.java:386)
	at org.apache.maven.surefire.booter.ForkedBooter.runSuitesInProcess(ForkedBooter.java:323)
	at org.apache.maven.surefire.booter.ForkedBooter.main(ForkedBooter.java:143)
... Removed 24 stack frames<br/> org.junit.ComparisonFailure: [Status code must be 400] expected:&lt;[4]00&gt; but was:&lt;[2]00&gt;
	at sun.reflect.NativeConstructorAccessorImpl.newInstance0(Native Method)
	at sun.reflect.NativeConstructorAccessorImpl.newInstance(NativeConstructorAccessorImpl.java:62)
	at sun.reflect.DelegatingConstructorAccessorImpl.newInstance(DelegatingConstructorAccessorImpl.java:45)
	at tests.meterreadings.IncompleteMeterReadingMonthsTest.addIncompleteMeterReadingData_validationErrorThrown(IncompleteMeterReadingMonthsTest.java:78)
	at sun.reflect.NativeMethodAccessorImpl.invoke0(Native Method)
	at sun.reflect.NativeMethodAccessorImpl.invoke(NativeMethodAccessorImpl.java:62)
	at sun.reflect.DelegatingMethodAccessorImpl.invoke(DelegatingMethodAccessorImpl.java:43)
	at java.lang.reflect.Method.invoke(Method.java:498)
	at org.testng.internal.MethodInvocationHelper.invokeMethod(MethodInvocationHelper.java:80)
	at org.testng.internal.Invoker.invokeMethod(Invoker.java:714)
	at org.testng.internal.Invoker.invokeTestMethod(Invoker.java:901)
	at org.testng.internal.Invoker.invokeTestMethods(Invoker.java:1231)
	at org.testng.internal.TestMethodWorker.invokeTestMethods(TestMethodWorker.java:127)
	at org.testng.internal.TestMethodWorker.run(TestMethodWorker.java:111)
	at org.testng.TestRunner.privateRun(TestRunner.java:767)
	at org.testng.TestRunner.run(TestRunner.java:617)
	at org.testng.SuiteRunner.runTest(SuiteRunner.java:334)
	at org.testng.SuiteRunner.runSequentially(SuiteRunner.java:329)
	at org.testng.SuiteRunner.privateRun(SuiteRunner.java:291)
	at org.testng.SuiteRunner.run(SuiteRunner.java:240)
	at org.testng.SuiteRunnerWorker.runSuite(SuiteRunnerWorker.java:52)
	at org.testng.SuiteRunnerWorker.run(SuiteRunnerWorker.java:86)
	at org.testng.TestNG.runSuitesSequentially(TestNG.java:1198)
	at org.testng.TestNG.runSuitesLocally(TestNG.java:1123)
	at org.testng.TestNG.run(TestNG.java:1031)
	at org.apache.maven.surefire.testng.TestNGExecutor.run(TestNGExecutor.java:283)
	at org.apache.maven.surefire.testng.TestNGXmlTestSuite.execute(TestNGXmlTestSuite.java:75)
	at org.apache.maven.surefire.testng.TestNGProvider.invoke(TestNGProvider.java:120)
	at org.apache.maven.surefire.booter.ForkedBooter.invokeProviderInSameClassLoader(ForkedBooter.java:386)
	at org.apache.maven.surefire.booter.ForkedBooter.runSuitesInProcess(ForkedBooter.java:323)
	at org.apache.maven.surefire.booter.ForkedBooter.main(ForkedBooter.java:143)
"</b><br>sun.reflect.NativeConstructorAccessorImpl.newInstance0(Native Method)<br>sun.reflect.NativeConstructorAccessorImpl.newInstance(NativeConstructorAccessorImpl.java:62)<br>sun.reflect.DelegatingConstructorAccessorImpl.newInstance(DelegatingConstructorAccessorImpl.java:45)<br>tests.meterreadings.IncompleteMeterReadingMonthsTest.addIncompleteMeterReadingData_validationErrorThrown(IncompleteMeterReadingMonthsTest.java:78)<br>sun.reflect.NativeMethodAccessorImpl.invoke0(Native Method)<br>sun.reflect.NativeMethodAccessorImpl.invoke(NativeMethodAccessorImpl.java:62)<br>sun.reflect.DelegatingMethodAccessorImpl.invoke(DelegatingMethodAccessorImpl.java:43)<br>java.lang.reflect.Method.invoke(Method.java:498)<br>org.testng.internal.MethodInvocationHelper.invokeMethod(MethodInvocationHelper.java:80)<br>org.testng.internal.Invoker.invokeMethod(Invoker.java:714)<br>org.testng.internal.Invoker.invokeTestMethod(Invoker.java:901)<br>org.testng.internal.Invoker.invokeTestMethods(Invoker.java:1231)<br>org.testng.internal.TestMethodWorker.invokeTestMethods(TestMethodWorker.java:127)<br>org.testng.internal.TestMethodWorker.run(TestMethodWorker.java:111)<br>org.testng.TestRunner.privateRun(TestRunner.java:767)<br>org.testng.TestRunner.run(TestRunner.java:617)<br>org.testng.SuiteRunner.runTest(SuiteRunner.java:334)<br>org.testng.SuiteRunner.runSequentially(SuiteRunner.java:329)<br>org.testng.SuiteRunner.privateRun(SuiteRunner.java:291)<br>org.testng.SuiteRunner.run(SuiteRunner.java:240)<br>org.testng.SuiteRunnerWorker.runSuite(SuiteRunnerWorker.java:52)<br>org.testng.SuiteRunnerWorker.run(SuiteRunnerWorker.java:86)<br>org.testng.TestNG.runSuitesSequentially(TestNG.java:1198)<br>org.testng.TestNG.runSuitesLocally(TestNG.java:1123)<br>org.testng.TestNG.run(TestNG.java:1031)<br>org.apache.maven.surefire.testng.TestNGExecutor.run(TestNGExecutor.java:283)<br>org.apache.maven.surefire.testng.TestNGXmlTestSuite.execute(TestNGXmlTestSuite.java:75)<br>org.apache.maven.surefire.testng.TestNGProvider.invoke(TestNGProvider.java:120)<br>org.apache.maven.surefire.booter.ForkedBooter.invokeProviderInSameClassLoader(ForkedBooter.java:386)<br>org.apache.maven.surefire.booter.ForkedBooter.runSuitesInProcess(ForkedBooter.java:323)<br>org.apache.maven.surefire.booter.ForkedBooter.main(ForkedBooter.java:143)<br>
</div> <!-- stack-trace -->
                </div> <!-- method-content -->
              </div> <!-- method -->
            </div> <!-- main-panel-content rounded-window-bottom -->
          </div> <!-- suite-Powerhouse-energyconsumption-class-failed -->
          <div class="suite-Powerhouse-energyconsumption-class-passed">
            <div class="main-panel-header rounded-window-top">
              <img src="passed.png"/>
              <span class="class-name">tests.fractions.DeleteFractionsTest</span>
            </div> <!-- main-panel-header rounded-window-top -->
            <div class="main-panel-content rounded-window-bottom">
              <div class="method">
                <div class="method-content">
                  <a name="deleteFractionsForSpecificProfile_fractionsDeleted">
                  </a> <!-- deleteFractionsForSpecificProfile_fractionsDeleted -->
                  <span class="method-name">deleteFractionsForSpecificProfile_fractionsDeleted</span>
                </div> <!-- method-content -->
              </div> <!-- method -->
            </div> <!-- main-panel-content rounded-window-bottom -->
          </div> <!-- suite-Powerhouse-energyconsumption-class-passed -->
          <div class="suite-Powerhouse-energyconsumption-class-passed">
            <div class="main-panel-header rounded-window-top">
              <img src="passed.png"/>
              <span class="class-name">tests.meterreadings.DeleteMeterRaadingsForProfileTest</span>
            </div> <!-- main-panel-header rounded-window-top -->
            <div class="main-panel-content rounded-window-bottom">
              <div class="method">
                <div class="method-content">
                  <a name="deleteMeterReadingsForProfile_meterReadingsDeleted">
                  </a> <!-- deleteMeterReadingsForProfile_meterReadingsDeleted -->
                  <span class="method-name">deleteMeterReadingsForProfile_meterReadingsDeleted</span>
                </div> <!-- method-content -->
              </div> <!-- method -->
            </div> <!-- main-panel-content rounded-window-bottom -->
          </div> <!-- suite-Powerhouse-energyconsumption-class-passed -->
          <div class="suite-Powerhouse-energyconsumption-class-passed">
            <div class="main-panel-header rounded-window-top">
              <img src="passed.png"/>
              <span class="class-name">tests.fractions.UpdateFractionsExistingProfileTest</span>
            </div> <!-- main-panel-header rounded-window-top -->
            <div class="main-panel-content rounded-window-bottom">
              <div class="method">
                <div class="method-content">
                  <a name="updateFractionsForExistingProfile_fractionsUpdated">
                  </a> <!-- updateFractionsForExistingProfile_fractionsUpdated -->
                  <span class="method-name">updateFractionsForExistingProfile_fractionsUpdated</span>
                </div> <!-- method-content -->
              </div> <!-- method -->
            </div> <!-- main-panel-content rounded-window-bottom -->
          </div> <!-- suite-Powerhouse-energyconsumption-class-passed -->
          <div class="suite-Powerhouse-energyconsumption-class-passed">
            <div class="main-panel-header rounded-window-top">
              <img src="passed.png"/>
              <span class="class-name">tests.meterreadings.GetMeterReadingsForProfileTest</span>
            </div> <!-- main-panel-header rounded-window-top -->
            <div class="main-panel-content rounded-window-bottom">
              <div class="method">
                <div class="method-content">
                  <a name="getMeterReadingsForProfile_meterReadingsRetrieved">
                  </a> <!-- getMeterReadingsForProfile_meterReadingsRetrieved -->
                  <span class="method-name">getMeterReadingsForProfile_meterReadingsRetrieved</span>
                </div> <!-- method-content -->
              </div> <!-- method -->
            </div> <!-- main-panel-content rounded-window-bottom -->
          </div> <!-- suite-Powerhouse-energyconsumption-class-passed -->
          <div class="suite-Powerhouse-energyconsumption-class-passed">
            <div class="main-panel-header rounded-window-top">
              <img src="passed.png"/>
              <span class="class-name">tests.fractions.AddValidFractionsTest</span>
            </div> <!-- main-panel-header rounded-window-top -->
            <div class="main-panel-content rounded-window-bottom">
              <div class="method">
                <div class="method-content">
                  <a name="addValidFractionsForProfile_FractionSumIsCorrect">
                  </a> <!-- addValidFractionsForProfile_FractionSumIsCorrect -->
                  <span class="method-name">addValidFractionsForProfile_FractionSumIsCorrect</span>
                </div> <!-- method-content -->
              </div> <!-- method -->
            </div> <!-- main-panel-content rounded-window-bottom -->
          </div> <!-- suite-Powerhouse-energyconsumption-class-passed -->
          <div class="suite-Powerhouse-energyconsumption-class-passed">
            <div class="main-panel-header rounded-window-top">
              <img src="passed.png"/>
              <span class="class-name">tests.fractions.IncompleteFractionDataMonthsTest</span>
            </div> <!-- main-panel-header rounded-window-top -->
            <div class="main-panel-content rounded-window-bottom">
              <div class="method">
                <div class="method-content">
                  <a name="addIncompleteDataForMonths_validationErrorThrown">
                  </a> <!-- addIncompleteDataForMonths_validationErrorThrown -->
                  <span class="method-name">addIncompleteDataForMonths_validationErrorThrown</span>
                </div> <!-- method-content -->
              </div> <!-- method -->
            </div> <!-- main-panel-content rounded-window-bottom -->
          </div> <!-- suite-Powerhouse-energyconsumption-class-passed -->
          <div class="suite-Powerhouse-energyconsumption-class-passed">
            <div class="main-panel-header rounded-window-top">
              <img src="passed.png"/>
              <span class="class-name">tests.fractions.GetFractionsForProfileTest</span>
            </div> <!-- main-panel-header rounded-window-top -->
            <div class="main-panel-content rounded-window-bottom">
              <div class="method">
                <div class="method-content">
                  <a name="getFractionsForProfile_allFractionsPresent">
                  </a> <!-- getFractionsForProfile_allFractionsPresent -->
                  <span class="method-name">getFractionsForProfile_allFractionsPresent</span>
                </div> <!-- method-content -->
              </div> <!-- method -->
            </div> <!-- main-panel-content rounded-window-bottom -->
          </div> <!-- suite-Powerhouse-energyconsumption-class-passed -->
          <div class="suite-Powerhouse-energyconsumption-class-passed">
            <div class="main-panel-header rounded-window-top">
              <img src="passed.png"/>
              <span class="class-name">tests.fractions.UpdateFractionsNonExistingProfileTest</span>
            </div> <!-- main-panel-header rounded-window-top -->
            <div class="main-panel-content rounded-window-bottom">
              <div class="method">
                <div class="method-content">
                  <a name="updateFractionsForNonExistingProfile_errorIsThrown">
                  </a> <!-- updateFractionsForNonExistingProfile_errorIsThrown -->
                  <span class="method-name">updateFractionsForNonExistingProfile_errorIsThrown</span>
                </div> <!-- method-content -->
              </div> <!-- method -->
            </div> <!-- main-panel-content rounded-window-bottom -->
          </div> <!-- suite-Powerhouse-energyconsumption-class-passed -->
          <div class="suite-Powerhouse-energyconsumption-class-passed">
            <div class="main-panel-header rounded-window-top">
              <img src="passed.png"/>
              <span class="class-name">tests.fractions.AddInvalidFractionsTest</span>
            </div> <!-- main-panel-header rounded-window-top -->
            <div class="main-panel-content rounded-window-bottom">
              <div class="method">
                <div class="method-content">
                  <a name="addValidFractionsForProfile_FractionSumIsCorrect">
                  </a> <!-- addValidFractionsForProfile_FractionSumIsCorrect -->
                  <span class="method-name">addValidFractionsForProfile_FractionSumIsCorrect</span>
                </div> <!-- method-content -->
              </div> <!-- method -->
            </div> <!-- main-panel-content rounded-window-bottom -->
          </div> <!-- suite-Powerhouse-energyconsumption-class-passed -->
        </div> <!-- panel Powerhouse-energyconsumption -->
        <div panel-name="test-xml-Powerhouse-energyconsumption" class="panel">
          <div class="main-panel-header rounded-window-top">
            <span class="header-content">C:\Users\Marko\Desktop\powerhouse-energyconsumption-automation\testNg.xml</span>
          </div> <!-- main-panel-header rounded-window-top -->
          <div class="main-panel-content rounded-window-bottom">
            <pre>
&lt;?xml version=&quot;1.0&quot; encoding=&quot;UTF-8&quot;?&gt;
&lt;!DOCTYPE suite SYSTEM &quot;http://testng.org/testng-1.0.dtd&quot;&gt;
&lt;suite verbose=&quot;0&quot; name=&quot;Powerhouse-energyconsumption&quot;&gt;
  &lt;test name=&quot;Fractions&quot;&gt;
    &lt;classes&gt;
      &lt;class name=&quot;tests.fractions.AddInvalidFractionsTest&quot;/&gt;
      &lt;class name=&quot;tests.fractions.AddValidFractionsTest&quot;/&gt;
      &lt;class name=&quot;tests.fractions.DeleteFractionsTest&quot;/&gt;
      &lt;class name=&quot;tests.fractions.GetFractionsForProfileTest&quot;/&gt;
      &lt;class name=&quot;tests.fractions.IncompleteFractionDataMonthsTest&quot;/&gt;
      &lt;class name=&quot;tests.fractions.UpdateFractionsNonExistingProfileTest&quot;/&gt;
      &lt;class name=&quot;tests.fractions.UpdateFractionsExistingProfileTest&quot;/&gt;
    &lt;/classes&gt;
  &lt;/test&gt; &lt;!-- Fractions --&gt;
  &lt;test name=&quot;MeterReadings&quot;&gt;
    &lt;classes&gt;
      &lt;class name=&quot;tests.meterreadings.AddMeterReadingsForExistingProfileTest&quot;/&gt;
      &lt;class name=&quot;tests.meterreadings.AddMeterReadingsForNonExistingProfileTest&quot;/&gt;
      &lt;class name=&quot;tests.meterreadings.DeleteMeterRaadingsForProfileTest&quot;/&gt;
      &lt;class name=&quot;tests.meterreadings.GetMeterReadingsForProfileTest&quot;/&gt;
      &lt;class name=&quot;tests.meterreadings.IncompleteMeterReadingMonthsTest&quot;/&gt;
    &lt;/classes&gt;
  &lt;/test&gt; &lt;!-- MeterReadings --&gt;
&lt;/suite&gt; &lt;!-- Powerhouse-energyconsumption --&gt;
            </pre>
          </div> <!-- main-panel-content rounded-window-bottom -->
        </div> <!-- panel -->
        <div panel-name="testlist-Powerhouse-energyconsumption" class="panel">
          <div class="main-panel-header rounded-window-top">
            <span class="header-content">Tests for Powerhouse-energyconsumption</span>
          </div> <!-- main-panel-header rounded-window-top -->
          <div class="main-panel-content rounded-window-bottom">
            <ul>
              <li>
                <span class="test-name">Fractions (7 classes)</span>
              </li>
              <li>
                <span class="test-name">MeterReadings (5 classes)</span>
              </li>
            </ul>
          </div> <!-- main-panel-content rounded-window-bottom -->
        </div> <!-- panel -->
        <div panel-name="group-Powerhouse-energyconsumption" class="panel">
          <div class="main-panel-header rounded-window-top">
            <span class="header-content">Groups for Powerhouse-energyconsumption</span>
          </div> <!-- main-panel-header rounded-window-top -->
          <div class="main-panel-content rounded-window-bottom">
          </div> <!-- main-panel-content rounded-window-bottom -->
        </div> <!-- panel -->
        <div panel-name="times-Powerhouse-energyconsumption" class="panel">
          <div class="main-panel-header rounded-window-top">
            <span class="header-content">Times for Powerhouse-energyconsumption</span>
          </div> <!-- main-panel-header rounded-window-top -->
          <div class="main-panel-content rounded-window-bottom">
            <div class="times-div">
              <script type="text/javascript">
suiteTableInitFunctions.push('tableData_Powerhouse-energyconsumption');
function tableData_Powerhouse-energyconsumption() {
var data = new google.visualization.DataTable();
data.addColumn('number', 'Number');
data.addColumn('string', 'Method');
data.addColumn('string', 'Class');
data.addColumn('number', 'Time (ms)');
data.addRows(12);
data.setCell(0, 0, 0)
data.setCell(0, 1, 'addValidFractionsForProfile_FractionSumIsCorrect')
data.setCell(0, 2, 'tests.fractions.AddInvalidFractionsTest')
data.setCell(0, 3, 331);
data.setCell(1, 0, 1)
data.setCell(1, 1, 'addValidFractionsForProfile_FractionSumIsCorrect')
data.setCell(1, 2, 'tests.fractions.AddValidFractionsTest')
data.setCell(1, 3, 326);
data.setCell(2, 0, 2)
data.setCell(2, 1, 'updateFractionsForExistingProfile_fractionsUpdated')
data.setCell(2, 2, 'tests.fractions.UpdateFractionsExistingProfileTest')
data.setCell(2, 3, 85);
data.setCell(3, 0, 3)
data.setCell(3, 1, 'deleteFractionsForSpecificProfile_fractionsDeleted')
data.setCell(3, 2, 'tests.fractions.DeleteFractionsTest')
data.setCell(3, 3, 60);
data.setCell(4, 0, 4)
data.setCell(4, 1, 'addIncompleteDataForMonths_validationErrorThrown')
data.setCell(4, 2, 'tests.fractions.IncompleteFractionDataMonthsTest')
data.setCell(4, 3, 47);
data.setCell(5, 0, 5)
data.setCell(5, 1, 'updateFractionsForNonExistingProfile_errorIsThrown')
data.setCell(5, 2, 'tests.fractions.UpdateFractionsNonExistingProfileTest')
data.setCell(5, 3, 45);
data.setCell(6, 0, 6)
data.setCell(6, 1, 'deleteMeterReadingsForProfile_meterReadingsDeleted')
data.setCell(6, 2, 'tests.meterreadings.DeleteMeterRaadingsForProfileTest')
data.setCell(6, 3, 33);
data.setCell(7, 0, 7)
data.setCell(7, 1, 'addFractionsForNonExistingProfile_errorMessageThrown')
data.setCell(7, 2, 'tests.meterreadings.AddMeterReadingsForNonExistingProfileTest')
data.setCell(7, 3, 32);
data.setCell(8, 0, 8)
data.setCell(8, 1, 'getFractionsForProfile_allFractionsPresent')
data.setCell(8, 2, 'tests.fractions.GetFractionsForProfileTest')
data.setCell(8, 3, 20);
data.setCell(9, 0, 9)
data.setCell(9, 1, 'addMeterReadingsForSpecificProfile_meterReadingsAdded')
data.setCell(9, 2, 'tests.meterreadings.AddMeterReadingsForExistingProfileTest')
data.setCell(9, 3, 16);
data.setCell(10, 0, 10)
data.setCell(10, 1, 'getMeterReadingsForProfile_meterReadingsRetrieved')
data.setCell(10, 2, 'tests.meterreadings.GetMeterReadingsForProfileTest')
data.setCell(10, 3, 15);
data.setCell(11, 0, 11)
data.setCell(11, 1, 'addIncompleteMeterReadingData_validationErrorThrown')
data.setCell(11, 2, 'tests.meterreadings.IncompleteMeterReadingMonthsTest')
data.setCell(11, 3, 15);
window.suiteTableData['Powerhouse-energyconsumption']= { tableData: data, tableDiv: 'times-div-Powerhouse-energyconsumption'}
return data;
}
              </script>
              <span class="suite-total-time">Total running time: 1 seconds</span>
              <div id="times-div-Powerhouse-energyconsumption">
              </div> <!-- times-div-Powerhouse-energyconsumption -->
            </div> <!-- times-div -->
          </div> <!-- main-panel-content rounded-window-bottom -->
        </div> <!-- panel -->
        <div panel-name="reporter-Powerhouse-energyconsumption" class="panel">
          <div class="main-panel-header rounded-window-top">
            <span class="header-content">Reporter output for Powerhouse-energyconsumption</span>
          </div> <!-- main-panel-header rounded-window-top -->
          <div class="main-panel-content rounded-window-bottom">
          </div> <!-- main-panel-content rounded-window-bottom -->
        </div> <!-- panel -->
        <div panel-name="ignored-methods-Powerhouse-energyconsumption" class="panel">
          <div class="main-panel-header rounded-window-top">
            <span class="header-content">0 ignored methods</span>
          </div> <!-- main-panel-header rounded-window-top -->
          <div class="main-panel-content rounded-window-bottom">
          </div> <!-- main-panel-content rounded-window-bottom -->
        </div> <!-- panel -->
        <div panel-name="chronological-Powerhouse-energyconsumption" class="panel">
          <div class="main-panel-header rounded-window-top">
            <span class="header-content">Methods in chronological order</span>
          </div> <!-- main-panel-header rounded-window-top -->
          <div class="main-panel-content rounded-window-bottom">
            <div class="chronological-class">
              <div class="chronological-class-name">tests.fractions.AddInvalidFractionsTest</div> <!-- chronological-class-name -->
              <div class="configuration-method before">
                <span class="method-name">dataPreparation</span>
                <span class="method-start">0 ms</span>
              </div> <!-- configuration-method before -->
              <div class="test-method">
                <span class="method-name">addValidFractionsForProfile_FractionSumIsCorrect</span>
                <span class="method-start">1430 ms</span>
              </div> <!-- test-method -->
              <div class="configuration-method after">
                <span class="method-name">dataDeletion</span>
                <span class="method-start">1792 ms</span>
              </div> <!-- configuration-method after -->
            </div> <!-- chronological-class -->
            <div class="chronological-class">
              <div class="chronological-class-name">tests.fractions.AddValidFractionsTest</div> <!-- chronological-class-name -->
              <div class="configuration-method before">
                <span class="method-name">dataPreparation</span>
                <span class="method-start">1817 ms</span>
              </div> <!-- configuration-method before -->
              <div class="test-method">
                <span class="method-name">addValidFractionsForProfile_FractionSumIsCorrect</span>
                <span class="method-start">1836 ms</span>
              </div> <!-- test-method -->
              <div class="configuration-method after">
                <span class="method-name">dataDeletion</span>
                <span class="method-start">2178 ms</span>
              </div> <!-- configuration-method after -->
            </div> <!-- chronological-class -->
            <div class="chronological-class">
              <div class="chronological-class-name">tests.fractions.DeleteFractionsTest</div> <!-- chronological-class-name -->
              <div class="configuration-method before">
                <span class="method-name">dataPreparation</span>
                <span class="method-start">2194 ms</span>
              </div> <!-- configuration-method before -->
              <div class="test-method">
                <span class="method-name">deleteFractionsForSpecificProfile_fractionsDeleted</span>
                <span class="method-start">2239 ms</span>
              </div> <!-- test-method -->
            </div> <!-- chronological-class -->
            <div class="chronological-class">
              <div class="chronological-class-name">tests.fractions.GetFractionsForProfileTest</div> <!-- chronological-class-name -->
              <div class="configuration-method before">
                <span class="method-name">dataPreparation</span>
                <span class="method-start">2299 ms</span>
              </div> <!-- configuration-method before -->
              <div class="test-method">
                <span class="method-name">getFractionsForProfile_allFractionsPresent</span>
                <span class="method-start">2335 ms</span>
              </div> <!-- test-method -->
              <div class="configuration-method after">
                <span class="method-name">dataDeletion</span>
                <span class="method-start">2355 ms</span>
              </div> <!-- configuration-method after -->
            </div> <!-- chronological-class -->
            <div class="chronological-class">
              <div class="chronological-class-name">tests.fractions.IncompleteFractionDataMonthsTest</div> <!-- chronological-class-name -->
              <div class="configuration-method before">
                <span class="method-name">dataPreparation</span>
                <span class="method-start">2371 ms</span>
              </div> <!-- configuration-method before -->
              <div class="test-method">
                <span class="method-name">addIncompleteDataForMonths_validationErrorThrown</span>
                <span class="method-start">2402 ms</span>
              </div> <!-- test-method -->
            </div> <!-- chronological-class -->
            <div class="chronological-class">
              <div class="chronological-class-name">tests.fractions.UpdateFractionsNonExistingProfileTest</div> <!-- chronological-class-name -->
              <div class="configuration-method before">
                <span class="method-name">dataPreparation</span>
                <span class="method-start">2464 ms</span>
              </div> <!-- configuration-method before -->
              <div class="test-method">
                <span class="method-name">updateFractionsForNonExistingProfile_errorIsThrown</span>
                <span class="method-start">2480 ms</span>
              </div> <!-- test-method -->
              <div class="configuration-method after">
                <span class="method-name">dataDeletion</span>
                <span class="method-start">2525 ms</span>
              </div> <!-- configuration-method after -->
            </div> <!-- chronological-class -->
            <div class="chronological-class">
              <div class="chronological-class-name">tests.fractions.UpdateFractionsExistingProfileTest</div> <!-- chronological-class-name -->
              <div class="configuration-method before">
                <span class="method-name">dataPreparation</span>
                <span class="method-start">2556 ms</span>
              </div> <!-- configuration-method before -->
              <div class="test-method">
                <span class="method-name">updateFractionsForExistingProfile_fractionsUpdated</span>
                <span class="method-start">2587 ms</span>
              </div> <!-- test-method -->
              <div class="configuration-method after">
                <span class="method-name">dataDeletion</span>
                <span class="method-start">2673 ms</span>
              </div> <!-- configuration-method after -->
            </div> <!-- chronological-class -->
            <div class="chronological-class">
              <div class="chronological-class-name">tests.meterreadings.AddMeterReadingsForExistingProfileTest</div> <!-- chronological-class-name -->
              <div class="configuration-method before">
                <span class="method-name">dataPreparation</span>
                <span class="method-start">2730 ms</span>
              </div> <!-- configuration-method before -->
              <div class="test-method">
                <img src="failed.png">
                </img>
                <span class="method-name">addMeterReadingsForSpecificProfile_meterReadingsAdded</span>
                <span class="method-start">2795 ms</span>
              </div> <!-- test-method -->
              <div class="configuration-method after">
                <span class="method-name">dataDeletion</span>
                <span class="method-start">2844 ms</span>
              </div> <!-- configuration-method after -->
            </div> <!-- chronological-class -->
            <div class="chronological-class">
              <div class="chronological-class-name">tests.meterreadings.AddMeterReadingsForNonExistingProfileTest</div> <!-- chronological-class-name -->
              <div class="configuration-method before">
                <span class="method-name">dataPreparation</span>
                <span class="method-start">2856 ms</span>
              </div> <!-- configuration-method before -->
              <div class="test-method">
                <img src="failed.png">
                </img>
                <span class="method-name">addFractionsForNonExistingProfile_errorMessageThrown</span>
                <span class="method-start">2871 ms</span>
              </div> <!-- test-method -->
              <div class="configuration-method after">
                <span class="method-name">dataDeletion</span>
                <span class="method-start">2903 ms</span>
              </div> <!-- configuration-method after -->
            </div> <!-- chronological-class -->
            <div class="chronological-class">
              <div class="chronological-class-name">tests.meterreadings.DeleteMeterRaadingsForProfileTest</div> <!-- chronological-class-name -->
              <div class="configuration-method before">
                <span class="method-name">dataPreparation</span>
                <span class="method-start">2934 ms</span>
              </div> <!-- configuration-method before -->
              <div class="test-method">
                <span class="method-name">deleteMeterReadingsForProfile_meterReadingsDeleted</span>
                <span class="method-start">2981 ms</span>
              </div> <!-- test-method -->
              <div class="configuration-method after">
                <span class="method-name">dataDeletion</span>
                <span class="method-start">3014 ms</span>
              </div> <!-- configuration-method after -->
            </div> <!-- chronological-class -->
            <div class="chronological-class">
              <div class="chronological-class-name">tests.meterreadings.GetMeterReadingsForProfileTest</div> <!-- chronological-class-name -->
              <div class="configuration-method before">
                <span class="method-name">dataPreparation</span>
                <span class="method-start">3030 ms</span>
              </div> <!-- configuration-method before -->
              <div class="test-method">
                <span class="method-name">getMeterReadingsForProfile_meterReadingsRetrieved</span>
                <span class="method-start">3077 ms</span>
              </div> <!-- test-method -->
              <div class="configuration-method after">
                <span class="method-name">dataDeletion</span>
                <span class="method-start">3108 ms</span>
              </div> <!-- configuration-method after -->
            </div> <!-- chronological-class -->
            <div class="chronological-class">
              <div class="chronological-class-name">tests.meterreadings.IncompleteMeterReadingMonthsTest</div> <!-- chronological-class-name -->
              <div class="configuration-method before">
                <span class="method-name">dataPreparation</span>
                <span class="method-start">3151 ms</span>
              </div> <!-- configuration-method before -->
              <div class="test-method">
                <img src="failed.png">
                </img>
                <span class="method-name">addIncompleteMeterReadingData_validationErrorThrown</span>
                <span class="method-start">3167 ms</span>
              </div> <!-- test-method -->
              <div class="configuration-method after">
                <span class="method-name">dataDeletion</span>
                <span class="method-start">3198 ms</span>
              </div> <!-- configuration-method after -->
          </div> <!-- main-panel-content rounded-window-bottom -->
        </div> <!-- panel -->
      </div> <!-- main-panel-root -->
    </div> <!-- wrapper -->
  </body>
</html>
