<?xml version="1.0" encoding="UTF-8"?>
<testng-results skipped="0" failed="3" total="12" passed="9">
  <reporter-output>
  </reporter-output>
  <suite name="Powerhouse-energyconsumption" duration-ms="3278" started-at="2018-03-05T18:03:05Z" finished-at="2018-03-05T18:03:08Z">
    <groups>
    </groups>
    <test name="Fractions" duration-ms="2726" started-at="2018-03-05T18:03:05Z" finished-at="2018-03-05T18:03:07Z">
      <class name="tests.fractions.GetFractionsForProfileTest">
        <test-method status="PASS" signature="dataPreparation()[pri:0, instance:tests.fractions.GetFractionsForProfileTest@3abfe845]" name="dataPreparation" is-config="true" duration-ms="36" started-at="2018-03-05T19:03:07Z" finished-at="2018-03-05T19:03:07Z">
          <reporter-output>
          </reporter-output>
        </test-method> <!-- dataPreparation -->
        <test-method status="PASS" signature="getFractionsForProfile_allFractionsPresent()[pri:0, instance:tests.fractions.GetFractionsForProfileTest@3abfe845]" name="getFractionsForProfile_allFractionsPresent" duration-ms="20" started-at="2018-03-05T19:03:07Z" finished-at="2018-03-05T19:03:07Z">
          <reporter-output>
          </reporter-output>
        </test-method> <!-- getFractionsForProfile_allFractionsPresent -->
        <test-method status="PASS" signature="dataDeletion()[pri:0, instance:tests.fractions.GetFractionsForProfileTest@3abfe845]" name="dataDeletion" is-config="true" duration-ms="16" started-at="2018-03-05T19:03:07Z" finished-at="2018-03-05T19:03:07Z">
          <reporter-output>
          </reporter-output>
        </test-method> <!-- dataDeletion -->
      </class> <!-- tests.fractions.GetFractionsForProfileTest -->
      <class name="tests.fractions.UpdateFractionsNonExistingProfileTest">
        <test-method status="PASS" signature="dataPreparation()[pri:0, instance:tests.fractions.UpdateFractionsNonExistingProfileTest@7a0f244f]" name="dataPreparation" is-config="true" duration-ms="16" started-at="2018-03-05T19:03:07Z" finished-at="2018-03-05T19:03:07Z">
          <reporter-output>
          </reporter-output>
        </test-method> <!-- dataPreparation -->
        <test-method status="PASS" signature="updateFractionsForNonExistingProfile_errorIsThrown()[pri:0, instance:tests.fractions.UpdateFractionsNonExistingProfileTest@7a0f244f]" name="updateFractionsForNonExistingProfile_errorIsThrown" duration-ms="45" started-at="2018-03-05T19:03:07Z" finished-at="2018-03-05T19:03:07Z">
          <reporter-output>
          </reporter-output>
        </test-method> <!-- updateFractionsForNonExistingProfile_errorIsThrown -->
        <test-method status="PASS" signature="dataDeletion()[pri:0, instance:tests.fractions.UpdateFractionsNonExistingProfileTest@7a0f244f]" name="dataDeletion" is-config="true" duration-ms="31" started-at="2018-03-05T19:03:07Z" finished-at="2018-03-05T19:03:07Z">
          <reporter-output>
          </reporter-output>
        </test-method> <!-- dataDeletion -->
      </class> <!-- tests.fractions.UpdateFractionsNonExistingProfileTest -->
      <class name="tests.fractions.IncompleteFractionDataMonthsTest">
        <test-method status="PASS" signature="dataPreparation()[pri:0, instance:tests.fractions.IncompleteFractionDataMonthsTest@7be7e15]" name="dataPreparation" is-config="true" duration-ms="31" started-at="2018-03-05T19:03:07Z" finished-at="2018-03-05T19:03:07Z">
          <reporter-output>
          </reporter-output>
        </test-method> <!-- dataPreparation -->
        <test-method status="PASS" signature="addIncompleteDataForMonths_validationErrorThrown()[pri:0, instance:tests.fractions.IncompleteFractionDataMonthsTest@7be7e15]" name="addIncompleteDataForMonths_validationErrorThrown" duration-ms="47" started-at="2018-03-05T19:03:07Z" finished-at="2018-03-05T19:03:07Z">
          <reporter-output>
          </reporter-output>
        </test-method> <!-- addIncompleteDataForMonths_validationErrorThrown -->
      </class> <!-- tests.fractions.IncompleteFractionDataMonthsTest -->
      <class name="tests.fractions.UpdateFractionsExistingProfileTest">
        <test-method status="PASS" signature="dataPreparation()[pri:0, instance:tests.fractions.UpdateFractionsExistingProfileTest@38af1bf6]" name="dataPreparation" is-config="true" duration-ms="31" started-at="2018-03-05T19:03:07Z" finished-at="2018-03-05T19:03:07Z">
          <reporter-output>
          </reporter-output>
        </test-method> <!-- dataPreparation -->
        <test-method status="PASS" signature="updateFractionsForExistingProfile_fractionsUpdated()[pri:0, instance:tests.fractions.UpdateFractionsExistingProfileTest@38af1bf6]" name="updateFractionsForExistingProfile_fractionsUpdated" duration-ms="85" started-at="2018-03-05T19:03:07Z" finished-at="2018-03-05T19:03:07Z">
          <reporter-output>
          </reporter-output>
        </test-method> <!-- updateFractionsForExistingProfile_fractionsUpdated -->
        <test-method status="PASS" signature="dataDeletion()[pri:0, instance:tests.fractions.UpdateFractionsExistingProfileTest@38af1bf6]" name="dataDeletion" is-config="true" duration-ms="14" started-at="2018-03-05T19:03:07Z" finished-at="2018-03-05T19:03:07Z">
          <reporter-output>
          </reporter-output>
        </test-method> <!-- dataDeletion -->
      </class> <!-- tests.fractions.UpdateFractionsExistingProfileTest -->
      <class name="tests.fractions.AddValidFractionsTest">
        <test-method status="PASS" signature="dataPreparation()[pri:0, instance:tests.fractions.AddValidFractionsTest@129bd55d]" name="dataPreparation" is-config="true" duration-ms="19" started-at="2018-03-05T19:03:06Z" finished-at="2018-03-05T19:03:06Z">
          <reporter-output>
          </reporter-output>
        </test-method> <!-- dataPreparation -->
        <test-method status="PASS" signature="addValidFractionsForProfile_FractionSumIsCorrect()[pri:0, instance:tests.fractions.AddValidFractionsTest@129bd55d]" name="addValidFractionsForProfile_FractionSumIsCorrect" duration-ms="326" started-at="2018-03-05T19:03:06Z" finished-at="2018-03-05T19:03:07Z">
          <reporter-output>
          </reporter-output>
        </test-method> <!-- addValidFractionsForProfile_FractionSumIsCorrect -->
        <test-method status="PASS" signature="dataDeletion()[pri:0, instance:tests.fractions.AddValidFractionsTest@129bd55d]" name="dataDeletion" is-config="true" duration-ms="16" started-at="2018-03-05T19:03:07Z" finished-at="2018-03-05T19:03:07Z">
          <reporter-output>
          </reporter-output>
        </test-method> <!-- dataDeletion -->
      </class> <!-- tests.fractions.AddValidFractionsTest -->
      <class name="tests.fractions.DeleteFractionsTest">
        <test-method status="PASS" signature="dataPreparation()[pri:0, instance:tests.fractions.DeleteFractionsTest@1dc76fa1]" name="dataPreparation" is-config="true" duration-ms="45" started-at="2018-03-05T19:03:07Z" finished-at="2018-03-05T19:03:07Z">
          <reporter-output>
          </reporter-output>
        </test-method> <!-- dataPreparation -->
        <test-method status="PASS" signature="deleteFractionsForSpecificProfile_fractionsDeleted()[pri:0, instance:tests.fractions.DeleteFractionsTest@1dc76fa1]" name="deleteFractionsForSpecificProfile_fractionsDeleted" duration-ms="60" started-at="2018-03-05T19:03:07Z" finished-at="2018-03-05T19:03:07Z">
          <reporter-output>
          </reporter-output>
        </test-method> <!-- deleteFractionsForSpecificProfile_fractionsDeleted -->
      </class> <!-- tests.fractions.DeleteFractionsTest -->
      <class name="tests.fractions.AddInvalidFractionsTest">
        <test-method status="PASS" signature="dataPreparation()[pri:0, instance:tests.fractions.AddInvalidFractionsTest@3672276e]" name="dataPreparation" is-config="true" duration-ms="1430" started-at="2018-03-05T19:03:05Z" finished-at="2018-03-05T19:03:06Z">
          <reporter-output>
          </reporter-output>
        </test-method> <!-- dataPreparation -->
        <test-method status="PASS" signature="addValidFractionsForProfile_FractionSumIsCorrect()[pri:0, instance:tests.fractions.AddInvalidFractionsTest@3672276e]" name="addValidFractionsForProfile_FractionSumIsCorrect" duration-ms="331" started-at="2018-03-05T19:03:06Z" finished-at="2018-03-05T19:03:06Z">
          <reporter-output>
          </reporter-output>
        </test-method> <!-- addValidFractionsForProfile_FractionSumIsCorrect -->
        <test-method status="PASS" signature="dataDeletion()[pri:0, instance:tests.fractions.AddInvalidFractionsTest@3672276e]" name="dataDeletion" is-config="true" duration-ms="23" started-at="2018-03-05T19:03:06Z" finished-at="2018-03-05T19:03:06Z">
          <reporter-output>
          </reporter-output>
        </test-method> <!-- dataDeletion -->
      </class> <!-- tests.fractions.AddInvalidFractionsTest -->
    </test> <!-- Fractions -->
    <test name="MeterReadings" duration-ms="512" started-at="2018-03-05T18:03:07Z" finished-at="2018-03-05T18:03:08Z">
      <class name="tests.meterreadings.AddMeterReadingsForNonExistingProfileTest">
        <test-method status="PASS" signature="dataPreparation()[pri:0, instance:tests.meterreadings.AddMeterReadingsForNonExistingProfileTest@7be71476]" name="dataPreparation" is-config="true" duration-ms="15" started-at="2018-03-05T19:03:07Z" finished-at="2018-03-05T19:03:07Z">
          <reporter-output>
          </reporter-output>
        </test-method> <!-- dataPreparation -->
        <test-method status="FAIL" signature="addFractionsForNonExistingProfile_errorMessageThrown()[pri:0, instance:tests.meterreadings.AddMeterReadingsForNonExistingProfileTest@7be71476]" name="addFractionsForNonExistingProfile_errorMessageThrown" duration-ms="32" started-at="2018-03-05T19:03:07Z" finished-at="2018-03-05T19:03:08Z">
          <exception class="org.junit.ComparisonFailure">
            <message>
              <![CDATA[[Status code must be 400] expected:<[4]00> but was:<[2]00>]]>
            </message>
            <full-stacktrace>
              <![CDATA[org.junit.ComparisonFailure: [Status code must be 400] expected:<[4]00> but was:<[2]00>
	at sun.reflect.NativeConstructorAccessorImpl.newInstance0(Native Method)
	at sun.reflect.NativeConstructorAccessorImpl.newInstance(NativeConstructorAccessorImpl.java:62)
	at sun.reflect.DelegatingConstructorAccessorImpl.newInstance(DelegatingConstructorAccessorImpl.java:45)
	at tests.meterreadings.AddMeterReadingsForNonExistingProfileTest.addFractionsForNonExistingProfile_errorMessageThrown(AddMeterReadingsForNonExistingProfileTest.java:67)
	at sun.reflect.NativeMethodAccessorImpl.invoke0(Native Method)
	at sun.reflect.NativeMethodAccessorImpl.invoke(NativeMethodAccessorImpl.java:62)
	at sun.reflect.DelegatingMethodAccessorImpl.invoke(DelegatingMethodAccessorImpl.java:43)
	at java.lang.reflect.Method.invoke(Method.java:498)
	at org.testng.internal.MethodInvocationHelper.invokeMethod(MethodInvocationHelper.java:80)
	at org.testng.internal.Invoker.invokeMethod(Invoker.java:714)
	at org.testng.internal.Invoker.invokeTestMethod(Invoker.java:901)
	at org.testng.internal.Invoker.invokeTestMethods(Invoker.java:1231)
	at org.testng.internal.TestMethodWorker.invokeTestMethods(TestMethodWorker.java:127)
	at org.testng.internal.TestMethodWorker.run(TestMethodWorker.java:111)
	at org.testng.TestRunner.privateRun(TestRunner.java:767)
	at org.testng.TestRunner.run(TestRunner.java:617)
	at org.testng.SuiteRunner.runTest(SuiteRunner.java:334)
	at org.testng.SuiteRunner.runSequentially(SuiteRunner.java:329)
	at org.testng.SuiteRunner.privateRun(SuiteRunner.java:291)
	at org.testng.SuiteRunner.run(SuiteRunner.java:240)
	at org.testng.SuiteRunnerWorker.runSuite(SuiteRunnerWorker.java:52)
	at org.testng.SuiteRunnerWorker.run(SuiteRunnerWorker.java:86)
	at org.testng.TestNG.runSuitesSequentially(TestNG.java:1198)
	at org.testng.TestNG.runSuitesLocally(TestNG.java:1123)
	at org.testng.TestNG.run(TestNG.java:1031)
	at org.apache.maven.surefire.testng.TestNGExecutor.run(TestNGExecutor.java:283)
	at org.apache.maven.surefire.testng.TestNGXmlTestSuite.execute(TestNGXmlTestSuite.java:75)
	at org.apache.maven.surefire.testng.TestNGProvider.invoke(TestNGProvider.java:120)
	at org.apache.maven.surefire.booter.ForkedBooter.invokeProviderInSameClassLoader(ForkedBooter.java:386)
	at org.apache.maven.surefire.booter.ForkedBooter.runSuitesInProcess(ForkedBooter.java:323)
	at org.apache.maven.surefire.booter.ForkedBooter.main(ForkedBooter.java:143)
]]>
            </full-stacktrace>
          </exception> <!-- org.junit.ComparisonFailure -->
          <reporter-output>
          </reporter-output>
        </test-method> <!-- addFractionsForNonExistingProfile_errorMessageThrown -->
        <test-method status="PASS" signature="dataDeletion()[pri:0, instance:tests.meterreadings.AddMeterReadingsForNonExistingProfileTest@7be71476]" name="dataDeletion" is-config="true" duration-ms="31" started-at="2018-03-05T19:03:08Z" finished-at="2018-03-05T19:03:08Z">
          <reporter-output>
          </reporter-output>
        </test-method> <!-- dataDeletion -->
      </class> <!-- tests.meterreadings.AddMeterReadingsForNonExistingProfileTest -->
      <class name="tests.meterreadings.DeleteMeterRaadingsForProfileTest">
        <test-method status="PASS" signature="dataPreparation()[pri:0, instance:tests.meterreadings.DeleteMeterRaadingsForProfileTest@5c1f6d57]" name="dataPreparation" is-config="true" duration-ms="47" started-at="2018-03-05T19:03:08Z" finished-at="2018-03-05T19:03:08Z">
          <reporter-output>
          </reporter-output>
        </test-method> <!-- dataPreparation -->
        <test-method status="PASS" signature="deleteMeterReadingsForProfile_meterReadingsDeleted()[pri:0, instance:tests.meterreadings.DeleteMeterRaadingsForProfileTest@5c1f6d57]" name="deleteMeterReadingsForProfile_meterReadingsDeleted" duration-ms="33" started-at="2018-03-05T19:03:08Z" finished-at="2018-03-05T19:03:08Z">
          <reporter-output>
          </reporter-output>
        </test-method> <!-- deleteMeterReadingsForProfile_meterReadingsDeleted -->
        <test-method status="PASS" signature="dataDeletion()[pri:0, instance:tests.meterreadings.DeleteMeterRaadingsForProfileTest@5c1f6d57]" name="dataDeletion" is-config="true" duration-ms="16" started-at="2018-03-05T19:03:08Z" finished-at="2018-03-05T19:03:08Z">
          <reporter-output>
          </reporter-output>
        </test-method> <!-- dataDeletion -->
      </class> <!-- tests.meterreadings.DeleteMeterRaadingsForProfileTest -->
      <class name="tests.meterreadings.GetMeterReadingsForProfileTest">
        <test-method status="PASS" signature="dataPreparation()[pri:0, instance:tests.meterreadings.GetMeterReadingsForProfileTest@f288c14]" name="dataPreparation" is-config="true" duration-ms="47" started-at="2018-03-05T19:03:08Z" finished-at="2018-03-05T19:03:08Z">
          <reporter-output>
          </reporter-output>
        </test-method> <!-- dataPreparation -->
        <test-method status="PASS" signature="getMeterReadingsForProfile_meterReadingsRetrieved()[pri:0, instance:tests.meterreadings.GetMeterReadingsForProfileTest@f288c14]" name="getMeterReadingsForProfile_meterReadingsRetrieved" duration-ms="15" started-at="2018-03-05T19:03:08Z" finished-at="2018-03-05T19:03:08Z">
          <reporter-output>
          </reporter-output>
        </test-method> <!-- getMeterReadingsForProfile_meterReadingsRetrieved -->
        <test-method status="PASS" signature="dataDeletion()[pri:0, instance:tests.meterreadings.GetMeterReadingsForProfileTest@f288c14]" name="dataDeletion" is-config="true" duration-ms="43" started-at="2018-03-05T19:03:08Z" finished-at="2018-03-05T19:03:08Z">
          <reporter-output>
          </reporter-output>
        </test-method> <!-- dataDeletion -->
      </class> <!-- tests.meterreadings.GetMeterReadingsForProfileTest -->
      <class name="tests.meterreadings.AddMeterReadingsForExistingProfileTest">
        <test-method status="PASS" signature="dataPreparation()[pri:0, instance:tests.meterreadings.AddMeterReadingsForExistingProfileTest@6794ac0b]" name="dataPreparation" is-config="true" duration-ms="65" started-at="2018-03-05T19:03:07Z" finished-at="2018-03-05T19:03:07Z">
          <reporter-output>
          </reporter-output>
        </test-method> <!-- dataPreparation -->
        <test-method status="FAIL" signature="addMeterReadingsForSpecificProfile_meterReadingsAdded()[pri:0, instance:tests.meterreadings.AddMeterReadingsForExistingProfileTest@6794ac0b]" name="addMeterReadingsForSpecificProfile_meterReadingsAdded" duration-ms="16" started-at="2018-03-05T19:03:07Z" finished-at="2018-03-05T19:03:07Z">
          <exception class="java.lang.AssertionError">
            <message>
              <![CDATA[[Incorrect validation message] 
Expecting:
 <"Validation error :  Expected consumption for profile A and month JAN is between 289.575-482.62499999999994 but current consumption is 54
">
to contain:
 <"Success"> ]]>
            </message>
            <full-stacktrace>
              <![CDATA[java.lang.AssertionError: [Incorrect validation message] 
Expecting:
 <"Validation error :  Expected consumption for profile A and month JAN is between 289.575-482.62499999999994 but current consumption is 54
">
to contain:
 <"Success"> 
	at tests.meterreadings.AddMeterReadingsForExistingProfileTest.addMeterReadingsForSpecificProfile_meterReadingsAdded(AddMeterReadingsForExistingProfileTest.java:84)
	at sun.reflect.NativeMethodAccessorImpl.invoke0(Native Method)
	at sun.reflect.NativeMethodAccessorImpl.invoke(NativeMethodAccessorImpl.java:62)
	at sun.reflect.DelegatingMethodAccessorImpl.invoke(DelegatingMethodAccessorImpl.java:43)
	at java.lang.reflect.Method.invoke(Method.java:498)
	at org.testng.internal.MethodInvocationHelper.invokeMethod(MethodInvocationHelper.java:80)
	at org.testng.internal.Invoker.invokeMethod(Invoker.java:714)
	at org.testng.internal.Invoker.invokeTestMethod(Invoker.java:901)
	at org.testng.internal.Invoker.invokeTestMethods(Invoker.java:1231)
	at org.testng.internal.TestMethodWorker.invokeTestMethods(TestMethodWorker.java:127)
	at org.testng.internal.TestMethodWorker.run(TestMethodWorker.java:111)
	at org.testng.TestRunner.privateRun(TestRunner.java:767)
	at org.testng.TestRunner.run(TestRunner.java:617)
	at org.testng.SuiteRunner.runTest(SuiteRunner.java:334)
	at org.testng.SuiteRunner.runSequentially(SuiteRunner.java:329)
	at org.testng.SuiteRunner.privateRun(SuiteRunner.java:291)
	at org.testng.SuiteRunner.run(SuiteRunner.java:240)
	at org.testng.SuiteRunnerWorker.runSuite(SuiteRunnerWorker.java:52)
	at org.testng.SuiteRunnerWorker.run(SuiteRunnerWorker.java:86)
	at org.testng.TestNG.runSuitesSequentially(TestNG.java:1198)
	at org.testng.TestNG.runSuitesLocally(TestNG.java:1123)
	at org.testng.TestNG.run(TestNG.java:1031)
	at org.apache.maven.surefire.testng.TestNGExecutor.run(TestNGExecutor.java:283)
	at org.apache.maven.surefire.testng.TestNGXmlTestSuite.execute(TestNGXmlTestSuite.java:75)
	at org.apache.maven.surefire.testng.TestNGProvider.invoke(TestNGProvider.java:120)
	at org.apache.maven.surefire.booter.ForkedBooter.invokeProviderInSameClassLoader(ForkedBooter.java:386)
	at org.apache.maven.surefire.booter.ForkedBooter.runSuitesInProcess(ForkedBooter.java:323)
	at org.apache.maven.surefire.booter.ForkedBooter.main(ForkedBooter.java:143)
]]>
            </full-stacktrace>
          </exception> <!-- java.lang.AssertionError -->
          <reporter-output>
          </reporter-output>
        </test-method> <!-- addMeterReadingsForSpecificProfile_meterReadingsAdded -->
        <test-method status="PASS" signature="dataDeletion()[pri:0, instance:tests.meterreadings.AddMeterReadingsForExistingProfileTest@6794ac0b]" name="dataDeletion" is-config="true" duration-ms="12" started-at="2018-03-05T19:03:07Z" finished-at="2018-03-05T19:03:07Z">
          <reporter-output>
          </reporter-output>
        </test-method> <!-- dataDeletion -->
      </class> <!-- tests.meterreadings.AddMeterReadingsForExistingProfileTest -->
      <class name="tests.meterreadings.IncompleteMeterReadingMonthsTest">
        <test-method status="PASS" signature="dataPreparation()[pri:0, instance:tests.meterreadings.IncompleteMeterReadingMonthsTest@5cb5bb88]" name="dataPreparation" is-config="true" duration-ms="16" started-at="2018-03-05T19:03:08Z" finished-at="2018-03-05T19:03:08Z">
          <reporter-output>
          </reporter-output>
        </test-method> <!-- dataPreparation -->
        <test-method status="FAIL" signature="addIncompleteMeterReadingData_validationErrorThrown()[pri:0, instance:tests.meterreadings.IncompleteMeterReadingMonthsTest@5cb5bb88]" name="addIncompleteMeterReadingData_validationErrorThrown" duration-ms="15" started-at="2018-03-05T19:03:08Z" finished-at="2018-03-05T19:03:08Z">
          <exception class="org.junit.ComparisonFailure">
            <message>
              <![CDATA[[Status code must be 400] expected:<[4]00> but was:<[2]00>]]>
            </message>
            <full-stacktrace>
              <![CDATA[org.junit.ComparisonFailure: [Status code must be 400] expected:<[4]00> but was:<[2]00>
	at sun.reflect.NativeConstructorAccessorImpl.newInstance0(Native Method)
	at sun.reflect.NativeConstructorAccessorImpl.newInstance(NativeConstructorAccessorImpl.java:62)
	at sun.reflect.DelegatingConstructorAccessorImpl.newInstance(DelegatingConstructorAccessorImpl.java:45)
	at tests.meterreadings.IncompleteMeterReadingMonthsTest.addIncompleteMeterReadingData_validationErrorThrown(IncompleteMeterReadingMonthsTest.java:78)
	at sun.reflect.NativeMethodAccessorImpl.invoke0(Native Method)
	at sun.reflect.NativeMethodAccessorImpl.invoke(NativeMethodAccessorImpl.java:62)
	at sun.reflect.DelegatingMethodAccessorImpl.invoke(DelegatingMethodAccessorImpl.java:43)
	at java.lang.reflect.Method.invoke(Method.java:498)
	at org.testng.internal.MethodInvocationHelper.invokeMethod(MethodInvocationHelper.java:80)
	at org.testng.internal.Invoker.invokeMethod(Invoker.java:714)
	at org.testng.internal.Invoker.invokeTestMethod(Invoker.java:901)
	at org.testng.internal.Invoker.invokeTestMethods(Invoker.java:1231)
	at org.testng.internal.TestMethodWorker.invokeTestMethods(TestMethodWorker.java:127)
	at org.testng.internal.TestMethodWorker.run(TestMethodWorker.java:111)
	at org.testng.TestRunner.privateRun(TestRunner.java:767)
	at org.testng.TestRunner.run(TestRunner.java:617)
	at org.testng.SuiteRunner.runTest(SuiteRunner.java:334)
	at org.testng.SuiteRunner.runSequentially(SuiteRunner.java:329)
	at org.testng.SuiteRunner.privateRun(SuiteRunner.java:291)
	at org.testng.SuiteRunner.run(SuiteRunner.java:240)
	at org.testng.SuiteRunnerWorker.runSuite(SuiteRunnerWorker.java:52)
	at org.testng.SuiteRunnerWorker.run(SuiteRunnerWorker.java:86)
	at org.testng.TestNG.runSuitesSequentially(TestNG.java:1198)
	at org.testng.TestNG.runSuitesLocally(TestNG.java:1123)
	at org.testng.TestNG.run(TestNG.java:1031)
	at org.apache.maven.surefire.testng.TestNGExecutor.run(TestNGExecutor.java:283)
	at org.apache.maven.surefire.testng.TestNGXmlTestSuite.execute(TestNGXmlTestSuite.java:75)
	at org.apache.maven.surefire.testng.TestNGProvider.invoke(TestNGProvider.java:120)
	at org.apache.maven.surefire.booter.ForkedBooter.invokeProviderInSameClassLoader(ForkedBooter.java:386)
	at org.apache.maven.surefire.booter.ForkedBooter.runSuitesInProcess(ForkedBooter.java:323)
	at org.apache.maven.surefire.booter.ForkedBooter.main(ForkedBooter.java:143)
]]>
            </full-stacktrace>
          </exception> <!-- org.junit.ComparisonFailure -->
          <reporter-output>
          </reporter-output>
        </test-method> <!-- addIncompleteMeterReadingData_validationErrorThrown -->
        <test-method status="PASS" signature="dataDeletion()[pri:0, instance:tests.meterreadings.IncompleteMeterReadingMonthsTest@5cb5bb88]" name="dataDeletion" is-config="true" duration-ms="44" started-at="2018-03-05T19:03:08Z" finished-at="2018-03-05T19:03:08Z">
          <reporter-output>
          </reporter-output>
        </test-method> <!-- dataDeletion -->
      </class> <!-- tests.meterreadings.IncompleteMeterReadingMonthsTest -->
    </test> <!-- MeterReadings -->
  </suite> <!-- Powerhouse-energyconsumption -->
</testng-results>
