<?xml version="1.0" encoding="UTF-8"?>
<!-- Generated by org.testng.reporters.JUnitXMLReporter -->
<testsuite hostname="Marko-PC" name="MeterReadings" tests="5" failures="3" timestamp="5 Mar 2018 18:03:08 GMT" time="0.512" errors="0">
  <testcase name="addMeterReadingsForSpecificProfile_meterReadingsAdded" time="0.016" classname="tests.meterreadings.AddMeterReadingsForExistingProfileTest">
    <failure type="java.lang.AssertionError" message="[Incorrect validation message] 
Expecting:
 &amp;lt;&amp;quot;Validation error :  Expected consumption for profile A and month JAN is between 289.575-482.62499999999994 but current consumption is 54
&amp;quot;&amp;gt;
to contain:
 &amp;lt;&amp;quot;Success&amp;quot;&amp;gt; ">
      <![CDATA[java.lang.AssertionError: [Incorrect validation message] 
Expecting:
 <"Validation error :  Expected consumption for profile A and month JAN is between 289.575-482.62499999999994 but current consumption is 54
">
to contain:
 <"Success"> 
	at tests.meterreadings.AddMeterReadingsForExistingProfileTest.addMeterReadingsForSpecificProfile_meterReadingsAdded(AddMeterReadingsForExistingProfileTest.java:84)
	at org.apache.maven.surefire.testng.TestNGExecutor.run(TestNGExecutor.java:283)
	at org.apache.maven.surefire.testng.TestNGXmlTestSuite.execute(TestNGXmlTestSuite.java:75)
	at org.apache.maven.surefire.testng.TestNGProvider.invoke(TestNGProvider.java:120)
	at org.apache.maven.surefire.booter.ForkedBooter.invokeProviderInSameClassLoader(ForkedBooter.java:386)
	at org.apache.maven.surefire.booter.ForkedBooter.runSuitesInProcess(ForkedBooter.java:323)
	at org.apache.maven.surefire.booter.ForkedBooter.main(ForkedBooter.java:143)
... Removed 21 stack frames]]>
    </failure>
  </testcase> <!-- addMeterReadingsForSpecificProfile_meterReadingsAdded -->
  <testcase name="addFractionsForNonExistingProfile_errorMessageThrown" time="0.032" classname="tests.meterreadings.AddMeterReadingsForNonExistingProfileTest">
    <failure type="org.junit.ComparisonFailure" message="[Status code must be 400] expected:&amp;lt;[4]00&amp;gt; but was:&amp;lt;[2]00&amp;gt;">
      <![CDATA[org.junit.ComparisonFailure: [Status code must be 400] expected:<[4]00> but was:<[2]00>
	at tests.meterreadings.AddMeterReadingsForNonExistingProfileTest.addFractionsForNonExistingProfile_errorMessageThrown(AddMeterReadingsForNonExistingProfileTest.java:67)
	at org.apache.maven.surefire.testng.TestNGExecutor.run(TestNGExecutor.java:283)
	at org.apache.maven.surefire.testng.TestNGXmlTestSuite.execute(TestNGXmlTestSuite.java:75)
	at org.apache.maven.surefire.testng.TestNGProvider.invoke(TestNGProvider.java:120)
	at org.apache.maven.surefire.booter.ForkedBooter.invokeProviderInSameClassLoader(ForkedBooter.java:386)
	at org.apache.maven.surefire.booter.ForkedBooter.runSuitesInProcess(ForkedBooter.java:323)
	at org.apache.maven.surefire.booter.ForkedBooter.main(ForkedBooter.java:143)
... Removed 24 stack frames]]>
    </failure>
  </testcase> <!-- addFractionsForNonExistingProfile_errorMessageThrown -->
  <testcase name="deleteMeterReadingsForProfile_meterReadingsDeleted" time="0.033" classname="tests.meterreadings.DeleteMeterRaadingsForProfileTest"/>
  <testcase name="getMeterReadingsForProfile_meterReadingsRetrieved" time="0.015" classname="tests.meterreadings.GetMeterReadingsForProfileTest"/>
  <testcase name="addIncompleteMeterReadingData_validationErrorThrown" time="0.015" classname="tests.meterreadings.IncompleteMeterReadingMonthsTest">
    <failure type="org.junit.ComparisonFailure" message="[Status code must be 400] expected:&amp;lt;[4]00&amp;gt; but was:&amp;lt;[2]00&amp;gt;">
      <![CDATA[org.junit.ComparisonFailure: [Status code must be 400] expected:<[4]00> but was:<[2]00>
	at tests.meterreadings.IncompleteMeterReadingMonthsTest.addIncompleteMeterReadingData_validationErrorThrown(IncompleteMeterReadingMonthsTest.java:78)
	at org.apache.maven.surefire.testng.TestNGExecutor.run(TestNGExecutor.java:283)
	at org.apache.maven.surefire.testng.TestNGXmlTestSuite.execute(TestNGXmlTestSuite.java:75)
	at org.apache.maven.surefire.testng.TestNGProvider.invoke(TestNGProvider.java:120)
	at org.apache.maven.surefire.booter.ForkedBooter.invokeProviderInSameClassLoader(ForkedBooter.java:386)
	at org.apache.maven.surefire.booter.ForkedBooter.runSuitesInProcess(ForkedBooter.java:323)
	at org.apache.maven.surefire.booter.ForkedBooter.main(ForkedBooter.java:143)
... Removed 24 stack frames]]>
    </failure>
  </testcase> <!-- addIncompleteMeterReadingData_validationErrorThrown -->
</testsuite> <!-- MeterReadings -->
